<?xml version="1.0" encoding="UTF-8"?>
<testsuite name="com.company.service.app.CompanyDemoServiceAppApplicationTests" tests="1" skipped="0" failures="0" errors="0" timestamp="2020-01-06T12:04:06" hostname="rahul" time="0.125">
  <properties/>
  <testcase name="contextLoads()" classname="com.company.service.app.CompanyDemoServiceAppApplicationTests" time="0.125"/>
  <system-out><![CDATA[17:34:05.372 [Test worker] DEBUG org.springframework.test.context.BootstrapUtils - Instantiating CacheAwareContextLoaderDelegate from class [org.springframework.test.context.cache.DefaultCacheAwareContextLoaderDelegate]
17:34:05.382 [Test worker] DEBUG org.springframework.test.context.BootstrapUtils - Instantiating BootstrapContext using constructor [public org.springframework.test.context.support.DefaultBootstrapContext(java.lang.Class,org.springframework.test.context.CacheAwareContextLoaderDelegate)]
17:34:05.399 [Test worker] DEBUG org.springframework.test.context.BootstrapUtils - Instantiating TestContextBootstrapper for test class [com.company.service.app.CompanyDemoServiceAppApplicationTests] from class [org.springframework.boot.test.context.SpringBootTestContextBootstrapper]
17:34:05.408 [Test worker] INFO org.springframework.boot.test.context.SpringBootTestContextBootstrapper - Neither @ContextConfiguration nor @ContextHierarchy found for test class [com.company.service.app.CompanyDemoServiceAppApplicationTests], using SpringBootContextLoader
17:34:05.410 [Test worker] DEBUG org.springframework.test.context.support.AbstractContextLoader - Did not detect default resource location for test class [com.company.service.app.CompanyDemoServiceAppApplicationTests]: class path resource [com/company/service/app/CompanyDemoServiceAppApplicationTests-context.xml] does not exist
17:34:05.410 [Test worker] DEBUG org.springframework.test.context.support.AbstractContextLoader - Did not detect default resource location for test class [com.company.service.app.CompanyDemoServiceAppApplicationTests]: class path resource [com/company/service/app/CompanyDemoServiceAppApplicationTestsContext.groovy] does not exist
17:34:05.410 [Test worker] INFO org.springframework.test.context.support.AbstractContextLoader - Could not detect default resource locations for test class [com.company.service.app.CompanyDemoServiceAppApplicationTests]: no resource found for suffixes {-context.xml, Context.groovy}.
17:34:05.411 [Test worker] INFO org.springframework.test.context.support.AnnotationConfigContextLoaderUtils - Could not detect default configuration classes for test class [com.company.service.app.CompanyDemoServiceAppApplicationTests]: CompanyDemoServiceAppApplicationTests does not declare any static, non-private, non-final, nested classes annotated with @Configuration.
17:34:05.430 [Test worker] DEBUG org.springframework.test.context.support.ActiveProfilesUtils - Could not find an 'annotation declaring class' for annotation type [org.springframework.test.context.ActiveProfiles] and class [com.company.service.app.CompanyDemoServiceAppApplicationTests]
17:34:05.473 [Test worker] DEBUG org.springframework.context.annotation.ClassPathScanningCandidateComponentProvider - Identified candidate component class: file [/home/krawler/IdeaProjects/Assignment2_RahulBhawar/company-demo-service-app/build/classes/java/main/com/company/service/app/CompanyDemoServiceAppApplication.class]
17:34:05.474 [Test worker] INFO org.springframework.boot.test.context.SpringBootTestContextBootstrapper - Found @SpringBootConfiguration com.company.service.app.CompanyDemoServiceAppApplication for test class com.company.service.app.CompanyDemoServiceAppApplicationTests
17:34:05.524 [Test worker] DEBUG org.springframework.boot.test.context.SpringBootTestContextBootstrapper - @TestExecutionListeners is not present for class [com.company.service.app.CompanyDemoServiceAppApplicationTests]: using defaults.
17:34:05.525 [Test worker] INFO org.springframework.boot.test.context.SpringBootTestContextBootstrapper - Loaded default TestExecutionListener class names from location [META-INF/spring.factories]: [org.springframework.boot.test.autoconfigure.restdocs.RestDocsTestExecutionListener, org.springframework.boot.test.autoconfigure.web.client.MockRestServiceServerResetTestExecutionListener, org.springframework.boot.test.autoconfigure.web.servlet.MockMvcPrintOnlyOnFailureTestExecutionListener, org.springframework.boot.test.autoconfigure.web.servlet.WebDriverTestExecutionListener, org.springframework.boot.test.mock.mockito.MockitoTestExecutionListener, org.springframework.boot.test.mock.mockito.ResetMocksTestExecutionListener, org.springframework.test.context.web.ServletTestExecutionListener, org.springframework.test.context.support.DirtiesContextBeforeModesTestExecutionListener, org.springframework.test.context.support.DependencyInjectionTestExecutionListener, org.springframework.test.context.support.DirtiesContextTestExecutionListener, org.springframework.test.context.transaction.TransactionalTestExecutionListener, org.springframework.test.context.jdbc.SqlScriptsTestExecutionListener, org.springframework.test.context.event.EventPublishingTestExecutionListener]
17:34:05.531 [Test worker] DEBUG org.springframework.boot.test.context.SpringBootTestContextBootstrapper - Skipping candidate TestExecutionListener [org.springframework.test.context.transaction.TransactionalTestExecutionListener] due to a missing dependency. Specify custom listener classes or make the default listener classes and their required dependencies available. Offending class: [org/springframework/transaction/TransactionDefinition]
17:34:05.531 [Test worker] DEBUG org.springframework.boot.test.context.SpringBootTestContextBootstrapper - Skipping candidate TestExecutionListener [org.springframework.test.context.jdbc.SqlScriptsTestExecutionListener] due to a missing dependency. Specify custom listener classes or make the default listener classes and their required dependencies available. Offending class: [org/springframework/transaction/interceptor/TransactionAttribute]
17:34:05.531 [Test worker] INFO org.springframework.boot.test.context.SpringBootTestContextBootstrapper - Using TestExecutionListeners: [org.springframework.test.context.web.ServletTestExecutionListener@5e28d04a, org.springframework.test.context.support.DirtiesContextBeforeModesTestExecutionListener@c729d5b, org.springframework.boot.test.mock.mockito.MockitoTestExecutionListener@1179eb45, org.springframework.boot.test.autoconfigure.SpringBootDependencyInjectionTestExecutionListener@2fc9ce63, org.springframework.test.context.support.DirtiesContextTestExecutionListener@377bf150, org.springframework.test.context.event.EventPublishingTestExecutionListener@2f7b3aa1, org.springframework.boot.test.autoconfigure.restdocs.RestDocsTestExecutionListener@7186dfc8, org.springframework.boot.test.autoconfigure.web.client.MockRestServiceServerResetTestExecutionListener@10ddad4d, org.springframework.boot.test.autoconfigure.web.servlet.MockMvcPrintOnlyOnFailureTestExecutionListener@78442f77, org.springframework.boot.test.autoconfigure.web.servlet.WebDriverTestExecutionListener@e1cbcec, org.springframework.boot.test.mock.mockito.ResetMocksTestExecutionListener@49a34a78]
17:34:05.534 [Test worker] DEBUG org.springframework.test.context.support.AbstractDirtiesContextTestExecutionListener - Before test class: context [DefaultTestContext@22e5dcf5 testClass = CompanyDemoServiceAppApplicationTests, testInstance = [null], testMethod = [null], testException = [null], mergedContextConfiguration = [WebMergedContextConfiguration@eed9982 testClass = CompanyDemoServiceAppApplicationTests, locations = '{}', classes = '{class com.company.service.app.CompanyDemoServiceAppApplication}', contextInitializerClasses = '[]', activeProfiles = '{}', propertySourceLocations = '{}', propertySourceProperties = '{org.springframework.boot.test.context.SpringBootTestContextBootstrapper=true}', contextCustomizers = set[org.springframework.boot.test.autoconfigure.properties.PropertyMappingContextCustomizer@0, org.springframework.boot.test.autoconfigure.web.servlet.WebDriverContextCustomizerFactory$Customizer@42753af0, org.springframework.boot.test.context.filter.ExcludeFilterContextCustomizer@7ef22a87, org.springframework.boot.test.json.DuplicateJsonObjectContextCustomizerFactory$DuplicateJsonObjectContextCustomizer@565af858, org.springframework.boot.test.mock.mockito.MockitoContextCustomizer@0, org.springframework.boot.test.web.client.TestRestTemplateContextCustomizer@36b74a8a], resourceBasePath = 'src/main/webapp', contextLoader = 'org.springframework.boot.test.context.SpringBootContextLoader', parent = [null]], attributes = map['org.springframework.test.context.web.ServletTestExecutionListener.activateListener' -> true]], class annotated with @DirtiesContext [false] with mode [null].
17:34:05.550 [Test worker] DEBUG org.springframework.test.context.support.TestPropertySourceUtils - Adding inlined properties to environment: {spring.jmx.enabled=false, org.springframework.boot.test.context.SpringBootTestContextBootstrapper=true, server.port=-1}

  .   ____          _            __ _ _
 /\\ / ___'_ __ _ _(_)_ __  __ _ \ \ \ \
( ( )\___ | '_ | '_| | '_ \/ _` | \ \ \ \
 \\/  ___)| |_)| | | | | || (_| |  ) ) ) )
  '  |____| .__|_| |_|_| |_\__, | / / / /
 =========|_|==============|___/=/_/_/_/
 :: Spring Boot ::        (v2.2.2.RELEASE)

2020-01-06 17:34:05.671  INFO 1344 --- [    Test worker] .a.CompanyDemoServiceAppApplicationTests : Starting CompanyDemoServiceAppApplicationTests on rahul with PID 1344 (started by krawler in /home/krawler/IdeaProjects/Assignment2_RahulBhawar/company-demo-service-app)
2020-01-06 17:34:05.672  INFO 1344 --- [    Test worker] .a.CompanyDemoServiceAppApplicationTests : No active profile set, falling back to default profiles: default
2020-01-06 17:34:06.342  INFO 1344 --- [    Test worker] o.s.s.concurrent.ThreadPoolTaskExecutor  : Initializing ExecutorService 'applicationTaskExecutor'
2020-01-06 17:34:06.509  INFO 1344 --- [    Test worker] .a.CompanyDemoServiceAppApplicationTests : Started CompanyDemoServiceAppApplicationTests in 0.954 seconds (JVM running for 1.536)
]]></system-out>
  <system-err><![CDATA[]]></system-err>
</testsuite>
